0 info it worked if it ends with ok
1 verbose cli [ 'C:\\Program Files\\nodejs\\node.exe',
1 verbose cli   'C:\\Program Files\\nodejs\\node_modules\\npm\\bin\\npm-cli.js',
1 verbose cli   'run',
1 verbose cli   'watch-css' ]
2 info using npm@3.10.3
3 info using node@v6.6.0
4 verbose run-script [ 'prewatch-css', 'watch-css', 'postwatch-css' ]
5 info lifecycle clear@1.0.0~prewatch-css: clear@1.0.0
6 silly lifecycle clear@1.0.0~prewatch-css: no script for prewatch-css, continuing
7 info lifecycle clear@1.0.0~watch-css: clear@1.0.0
8 verbose lifecycle clear@1.0.0~watch-css: unsafe-perm in lifecycle true
9 verbose lifecycle clear@1.0.0~watch-css: PATH: C:\Program Files\nodejs\node_modules\npm\bin\node-gyp-bin;C:\Users\ariel\Documents\GitHub\synergy\clear-master\node_modules\.bin;C:\Program Files\nodejs;C:\ProgramData\Oracle\Java\javapath;C:\WINDOWS\system32;C:\WINDOWS;C:\WINDOWS\System32\Wbem;C:\WINDOWS\System32\WindowsPowerShell\v1.0\;C:\Users\ariel\.dnx\bin;C:\Program Files\Microsoft DNX\Dnvm\;C:\Program Files (x86)\NVIDIA Corporation\PhysX\Common;C:\Program Files\Microsoft SQL Server\130\Tools\Binn\;C:\Program Files (x86)\Windows Kits\10\Windows Performance Toolkit\;C:\Program Files\Git\cmd;C:\Program Files (x86)\GtkSharp\2.12\bin;C:\Program Files\nodejs\;%SystemRoot%\system32;%SystemRoot%;%SystemRoot%\System32\Wbem;%SYSTEMROOT%\System32\WindowsPowerShell\v1.0\;;C:\Program Files (x86)\Microsoft VS Code\bin;C:\Users\ariel\AppData\Roaming\npm;%USERPROFILE%\AppData\Local\Microsoft\WindowsApps
10 verbose lifecycle clear@1.0.0~watch-css: CWD: C:\Users\ariel\Documents\GitHub\synergy\clear-master
11 silly lifecycle clear@1.0.0~watch-css: Args: [ '/d /s /c', 'nodemon -e scss -x "npm run build-css"' ]
12 silly lifecycle clear@1.0.0~watch-css: Returned: code: 3221225786  signal: null
13 info lifecycle clear@1.0.0~watch-css: Failed to exec watch-css script
14 verbose stack Error: clear@1.0.0 watch-css: `nodemon -e scss -x "npm run build-css"`
14 verbose stack Exit status 3221225786
14 verbose stack     at EventEmitter.<anonymous> (C:\Program Files\nodejs\node_modules\npm\lib\utils\lifecycle.js:242:16)
14 verbose stack     at emitTwo (events.js:106:13)
14 verbose stack     at EventEmitter.emit (events.js:191:7)
14 verbose stack     at ChildProcess.<anonymous> (C:\Program Files\nodejs\node_modules\npm\lib\utils\spawn.js:40:14)
14 verbose stack     at emitTwo (events.js:106:13)
14 verbose stack     at ChildProcess.emit (events.js:191:7)
14 verbose stack     at maybeClose (internal/child_process.js:877:16)
14 verbose stack     at Process.ChildProcess._handle.onexit (internal/child_process.js:226:5)
15 verbose pkgid clear@1.0.0
16 verbose cwd C:\Users\ariel\Documents\GitHub\synergy\clear-master
17 error Windows_NT 10.0.14393
18 error argv "C:\\Program Files\\nodejs\\node.exe" "C:\\Program Files\\nodejs\\node_modules\\npm\\bin\\npm-cli.js" "run" "watch-css"
19 error node v6.6.0
20 error npm  v3.10.3
21 error code ELIFECYCLE
22 error clear@1.0.0 watch-css: `nodemon -e scss -x "npm run build-css"`
22 error Exit status 3221225786
23 error Failed at the clear@1.0.0 watch-css script 'nodemon -e scss -x "npm run build-css"'.
23 error Make sure you have the latest version of node.js and npm installed.
23 error If you do, this is most likely a problem with the clear package,
23 error not with npm itself.
23 error Tell the author that this fails on your system:
23 error     nodemon -e scss -x "npm run build-css"
23 error You can get information on how to open an issue for this project with:
23 error     npm bugs clear
23 error Or if that isn't available, you can get their info via:
23 error     npm owner ls clear
23 error There is likely additional logging output above.
24 verbose exit [ 1, true ]
